# JRE version: Java(TM) SE Runtime Environment (7.0_45-b18) (build 1.7.0_45-b18)
# Java VM: Java HotSpot(TM) Client VM (24.45-b08 mixed mode, sharing windows-x86 )
Heap
 def new generation   total 4928K, used 665K [0x23c30000, 0x24180000, 0x29180000)
  eden space 4416K,   3% used [0x23c30000, 0x23c5a010, 0x24080000)
  from space 512K,  97% used [0x24080000, 0x240fc698, 0x24100000)
  to   space 512K,   0% used [0x24100000, 0x24100000, 0x24180000)
 tenured generation   total 10944K, used 750K [0x29180000, 0x29c30000, 0x33c30000)
   the space 10944K,   6% used [0x29180000, 0x2923ba40, 0x2923bc00, 0x29c30000)
 compacting perm gen  total 12288K, used 1122K [0x33c30000, 0x34830000, 0x37c30000)
   the space 12288K,   9% used [0x33c30000, 0x33d489b8, 0x33d48a00, 0x34830000)
    ro space 10240K,  41% used [0x37c30000, 0x38061a78, 0x38061c00, 0x38630000)
    rw space 12288K,  52% used [0x38630000, 0x38c762c0, 0x38c76400, 0x39230000)
GC Heap History (4 events):
Event: 3.359 GC heap before
{Heap before GC invocations=0 (full 0):
 def new generation   total 4928K, used 4416K [0x23c30000, 0x24180000, 0x29180000)
  eden space 4416K, 100% used [0x23c30000, 0x24080000, 0x24080000)
  from space 512K,   0% used [0x24080000, 0x24080000, 0x24100000)
  to   space 512K,   0% used [0x24100000, 0x24100000, 0x24180000)
 tenured generation   total 10944K, used 0K [0x29180000, 0x29c30000, 0x33c30000)
   the space 10944K,   0% used [0x29180000, 0x29180000, 0x29180200, 0x29c30000)
 compacting perm gen  total 12288K, used 761K [0x33c30000, 0x34830000, 0x37c30000)
   the space 12288K,   6% used [0x33c30000, 0x33cee730, 0x33cee800, 0x34830000)
    ro space 10240K,  41% used [0x37c30000, 0x38061a78, 0x38061c00, 0x38630000)
    rw space 12288K,  52% used [0x38630000, 0x38c762c0, 0x38c76400, 0x39230000)
Event: 3.363 GC heap after
Heap after GC invocations=1 (full 0):
 def new generation   total 4928K, used 512K [0x23c30000, 0x24180000, 0x29180000)
  eden space 4416K,   0% used [0x23c30000, 0x23c30000, 0x24080000)
  from space 512K, 100% used [0x24100000, 0x24180000, 0x24180000)
  to   space 512K,   0% used [0x24080000, 0x24080000, 0x24100000)
 tenured generation   total 10944K, used 344K [0x29180000, 0x29c30000, 0x33c30000)
   the space 10944K,   3% used [0x29180000, 0x291d6388, 0x291d6400, 0x29c30000)
 compacting perm gen  total 12288K, used 761K [0x33c30000, 0x34830000, 0x37c30000)
   the space 12288K,   6% used [0x33c30000, 0x33cee730, 0x33cee800, 0x34830000)
    ro space 10240K,  41% used [0x37c30000, 0x38061a78, 0x38061c00, 0x38630000)
    rw space 12288K,  52% used [0x38630000, 0x38c762c0, 0x38c76400, 0x39230000)
}
Event: 5.820 GC heap before
{Heap before GC invocations=1 (full 0):
 def new generation   total 4928K, used 4928K [0x23c30000, 0x24180000, 0x29180000)
  eden space 4416K, 100% used [0x23c30000, 0x24080000, 0x24080000)
  from space 512K, 100% used [0x24100000, 0x24180000, 0x24180000)
  to   space 512K,   0% used [0x24080000, 0x24080000, 0x24100000)
 tenured generation   total 10944K, used 344K [0x29180000, 0x29c30000, 0x33c30000)
   the space 10944K,   3% used [0x29180000, 0x291d6388, 0x291d6400, 0x29c30000)
 compacting perm gen  total 12288K, used 1113K [0x33c30000, 0x34830000, 0x37c30000)
   the space 12288K,   9% used [0x33c30000, 0x33d46728, 0x33d46800, 0x34830000)
    ro space 10240K,  41% used [0x37c30000, 0x38061a78, 0x38061c00, 0x38630000)
    rw space 12288K,  52% used [0x38630000, 0x38c762c0, 0x38c76400, 0x39230000)
Event: 5.825 GC heap after
Heap after GC invocations=2 (full 0):
 def new generation   total 4928K, used 497K [0x23c30000, 0x24180000, 0x29180000)
  eden space 4416K,   0% used [0x23c30000, 0x23c30000, 0x24080000)
  from space 512K,  97% used [0x24080000, 0x240fc698, 0x24100000)
  to   space 512K,   0% used [0x24100000, 0x24100000, 0x24180000)
 tenured generation   total 10944K, used 750K [0x29180000, 0x29c30000, 0x33c30000)
   the space 10944K,   6% used [0x29180000, 0x2923ba40, 0x2923bc00, 0x29c30000)
 compacting perm gen  total 12288K, used 1113K [0x33c30000, 0x34830000, 0x37c30000)
   the space 12288K,   9% used [0x33c30000, 0x33d46728, 0x33d46800, 0x34830000)
    ro space 10240K,  41% used [0x37c30000, 0x38061a78, 0x38061c00, 0x38630000)
    rw space 12288K,  52% used [0x38630000, 0x38c762c0, 0x38c76400, 0x39230000)
}

